<?xml version="1.0" encoding="UTF-8"?>
<testsuite name="com.example.ticketing.controller.QueueControllerTests" tests="2" skipped="0" failures="0" errors="0" timestamp="2026-01-02T12:34:21.856Z" hostname="Akhmads-MacBook-Pro.local" time="0.064">
  <properties/>
  <testcase name="Positive Case: check user queue" classname="com.example.ticketing.controller.QueueControllerTests" time="0.06"/>
  <testcase name="Positive Case: register queue" classname="com.example.ticketing.controller.QueueControllerTests" time="0.003"/>
  <system-out><![CDATA[]]></system-out>
  <system-err><![CDATA[]]></system-err>
</testsuite>
